<?xml version="1.0" encoding="UTF-8"?>
<testsuites>
  <testsuite name="/var/www/html/phpunit.xml" tests="14" assertions="24" errors="0" failures="0" skipped="0" time="2.677827">
    <testsuite name="Unit" tests="14" assertions="24" errors="0" failures="0" skipped="0" time="2.677827">
      <testsuite name="Tests\Unit\CalendarServiceTest" file="/var/www/html/tests/Unit/CalendarServiceTest.php" tests="1" assertions="3" errors="0" failures="0" skipped="0" time="1.755110">
        <testcase name="should_return_rooms_with_reservations_when_getRoomsWithReservations_called_given_interval" file="/var/www/html/tests/Unit/CalendarServiceTest.php" line="15" class="Tests\Unit\CalendarServiceTest" classname="Tests.Unit.CalendarServiceTest" assertions="3" time="1.755110"/>
      </testsuite>
      <testsuite name="Tests\Unit\CreateReservationServiceTest" file="/var/www/html/tests/Unit/CreateReservationServiceTest.php" tests="2" assertions="4" errors="0" failures="0" skipped="0" time="0.211603">
        <testcase name="should_create_reservation_when_create_called_given_valid_capacity_and_price" file="/var/www/html/tests/Unit/CreateReservationServiceTest.php" line="15" class="Tests\Unit\CreateReservationServiceTest" classname="Tests.Unit.CreateReservationServiceTest" assertions="3" time="0.138901"/>
        <testcase name="should_throw_runtime_exception_when_create_called_given_exceed_capacity" file="/var/www/html/tests/Unit/CreateReservationServiceTest.php" line="52" class="Tests\Unit\CreateReservationServiceTest" classname="Tests.Unit.CreateReservationServiceTest" assertions="1" time="0.072702"/>
      </testsuite>
      <testsuite name="Tests\Unit\ExampleTest" file="/var/www/html/tests/Unit/ExampleTest.php" tests="1" assertions="1" errors="0" failures="0" skipped="0" time="0.001906">
        <testcase name="test_that_true_is_true" file="/var/www/html/tests/Unit/ExampleTest.php" line="12" class="Tests\Unit\ExampleTest" classname="Tests.Unit.ExampleTest" assertions="1" time="0.001906"/>
      </testsuite>
      <testsuite name="Tests\Unit\ReservationPriceCalculatorTest" file="/var/www/html/tests/Unit/ReservationPriceCalculatorTest.php" tests="1" assertions="1" errors="0" failures="0" skipped="0" time="0.076411">
        <testcase name="should_compute_total_using_room_rate_when_available" file="/var/www/html/tests/Unit/ReservationPriceCalculatorTest.php" line="15" class="Tests\Unit\ReservationPriceCalculatorTest" classname="Tests.Unit.ReservationPriceCalculatorTest" assertions="1" time="0.076411"/>
      </testsuite>
      <testsuite name="Tests\Unit\ReservationServiceTest" file="/var/www/html/tests/Unit/ReservationServiceTest.php" tests="3" assertions="5" errors="0" failures="0" skipped="0" time="0.213748">
        <testcase name="should_persist_fields_when_create_called_given_valid_data" file="/var/www/html/tests/Unit/ReservationServiceTest.php" line="15" class="Tests\Unit\ReservationServiceTest" classname="Tests.Unit.ReservationServiceTest" assertions="3" time="0.076375"/>
        <testcase name="should_throw_validation_exception_when_create_called_given_conflicting_dates" file="/var/www/html/tests/Unit/ReservationServiceTest.php" line="44" class="Tests\Unit\ReservationServiceTest" classname="Tests.Unit.ReservationServiceTest" assertions="1" time="0.074740"/>
        <testcase name="should_throw_validation_exception_when_update_called_given_conflicting_dates" file="/var/www/html/tests/Unit/ReservationServiceTest.php" line="81" class="Tests\Unit\ReservationServiceTest" classname="Tests.Unit.ReservationServiceTest" assertions="1" time="0.062633"/>
      </testsuite>
      <testsuite name="Tests\Unit\RoomRateServiceTest" file="/var/www/html/tests/Unit/RoomRateServiceTest.php" tests="1" assertions="2" errors="0" failures="0" skipped="0" time="0.064867">
        <testcase name="should_return_rates_when_list_called_given_room" file="/var/www/html/tests/Unit/RoomRateServiceTest.php" line="15" class="Tests\Unit\RoomRateServiceTest" classname="Tests.Unit.RoomRateServiceTest" assertions="2" time="0.064867"/>
      </testsuite>
      <testsuite name="Tests\Unit\RoomServiceTest" file="/var/www/html/tests/Unit/RoomServiceTest.php" tests="5" assertions="8" errors="0" failures="0" skipped="0" time="0.354182">
        <testcase name="should_assign_property_when_create_called_given_valid_data" file="/var/www/html/tests/Unit/RoomServiceTest.php" line="17" class="Tests\Unit\RoomServiceTest" classname="Tests.Unit.RoomServiceTest" assertions="3" time="0.068274"/>
        <testcase name="should_return_loaded_category_when_update_called_given_room" file="/var/www/html/tests/Unit/RoomServiceTest.php" line="42" class="Tests\Unit\RoomServiceTest" classname="Tests.Unit.RoomServiceTest" assertions="2" time="0.064037"/>
        <testcase name="should_throw_validation_exception_when_delete_called_given_room_with_reservations" file="/var/www/html/tests/Unit/RoomServiceTest.php" line="69" class="Tests\Unit\RoomServiceTest" classname="Tests.Unit.RoomServiceTest" assertions="1" time="0.068183"/>
        <testcase name="should_throw_validation_exception_when_delete_called_given_room_with_rates" file="/var/www/html/tests/Unit/RoomServiceTest.php" line="99" class="Tests\Unit\RoomServiceTest" classname="Tests.Unit.RoomServiceTest" assertions="1" time="0.072174"/>
        <testcase name="should_delete_room_when_delete_called_given_room_without_relations" file="/var/www/html/tests/Unit/RoomServiceTest.php" line="127" class="Tests\Unit\RoomServiceTest" classname="Tests.Unit.RoomServiceTest" assertions="1" time="0.081513"/>
      </testsuite>
    </testsuite>
  </testsuite>
</testsuites>
